[debug] [2022-09-21T14:31:42.640Z] ----------------------------------------------------------------------
[debug] [2022-09-21T14:31:42.641Z] Command:       C:\Program Files\nodejs\node.exe C:\Users\vntjota\AppData\Roaming\npm\node_modules\firebase-tools\lib\bin\firebase.js init hosting
[debug] [2022-09-21T14:31:42.641Z] CLI Version:   11.9.0
[debug] [2022-09-21T14:31:42.641Z] Platform:      win32
[debug] [2022-09-21T14:31:42.642Z] Node Version:  v18.7.0
[debug] [2022-09-21T14:31:42.644Z] Time:          Wed Sep 21 2022 11:31:42 GMT-0300 (Horário Padrão de Brasília)
[debug] [2022-09-21T14:31:42.645Z] ----------------------------------------------------------------------
[debug] 
[debug] [2022-09-21T14:31:42.654Z] > command requires scopes: ["email","openid","https://www.googleapis.com/auth/cloudplatformprojects.readonly","https://www.googleapis.com/auth/firebase","https://www.googleapis.com/auth/cloud-platform"]
[debug] [2022-09-21T14:31:42.655Z] > authorizing via signed-in user (jumange01@gmail.com)
[info] 
     ######## #### ########  ######## ########     ###     ######  ########
     ##        ##  ##     ## ##       ##     ##  ##   ##  ##       ##
     ######    ##  ########  ######   ########  #########  ######  ######
     ##        ##  ##    ##  ##       ##     ## ##     ##       ## ##
     ##       #### ##     ## ######## ########  ##     ##  ######  ########

You're about to initialize a Firebase project in this directory:

  C:\Study\front-end\ReactJS\10-miniblog\miniblog

Before we get started, keep in mind:

  * You are currently outside your home directory

